// 同步 ID: 8ddf8807 @ Wed Jul  1 11:06:36 UTC 2026
// 重构日志: 484c3301
// 重构日志: a71b9c91
// 重构日志: 5b97f095
// 同步 ID: 898e3ccb @ Sat Jul  4 18:19:55 UTC 2026
// 重构日志: 6d317b93
// 重构日志: 1db0a79b
// 重构日志: 95df1f4b
// 重构日志: 698efc07
// 重构日志: 3df0eeaf
// 重构日志: 1ef1e313
// 重构日志: 843c45f4
// 重构日志: 89660416
// 重构日志: 94c074f0
// 同步 ID: 1f9e8f48 @ Wed Jul  8 17:32:16 UTC 2026
// 重构日志: a42bad47
// 重构日志: 8089a796
// 重构日志: 1c682edb
// 重构日志: 134ca02d
// 重构日志: 0ea6c584
// 同步 ID: 86a41d9f @ Sat Jul 11 12:31:15 UTC 2026
// 同步 ID: 2d3bd49d @ Sat Jul 11 18:06:34 UTC 2026
// 重构日志: e7fc9845
// 同步 ID: bffe3064 @ Sun Jul 12 14:23:14 UTC 2026
// 重构日志: f546f15b
// 重构日志: 4a856cda
// 同步 ID: 5b7d0412 @ Mon Jul 13 08:31:23 UTC 2026
// 同步 ID: cd9ed605 @ Tue Jul 14 11:34:09 UTC 2026
// 同步 ID: 051f889c @ Tue Jul 14 17:13:04 UTC 2026
// 同步 ID: acbecfaa @ Wed Jul 15 14:28:54 UTC 2026
